Unity Player [version: Unity 5.5.0f3_38b4efef76f0]

Unknown caused an Access Violation (0xc0000005)
  in module Unknown at 0023:000b0009.

Error occurred at 2017-04-20_125058.
C:\Users\deswyn\Documents\Captsone\COSC469\Captstone Milestone 3 Rock Level\Milestone2.exe, run by deswyn.
71% memory in use.
0 MB physical memory [0 MB free].
0 MB paging file [0 MB free].
0 MB user address space [3572 MB free].
Write to location 000b0009 caused an access violation.

Context:
EDI:    0x09e9d9a0  ESI: 0x000b0009  EAX:   0x0afc2d00
EBX:    0x00000000  ECX: 0x000b0009  EDX:   0x5cfe9d80
EIP:    0x000b0009  EBP: 0x01fefbb8  SegCs: 0x00000023
EFlags: 0x00210287  ESP: 0x01fefba4  SegSs: 0x0000002b

Bytes at CS:EIP:
02 00 00 00 00 00 00 30 0c 2b 77 00 00 00 00 56 

Stack:
0x01fefba4: 5d006ba5 09e9d9a0 042b8160 04f34020 .k.]....`.+. @..
0x01fefbb4: 256717db 01fefbcc 01319f44 09e9ddfc ..g%....D.1.....
0x01fefbc4: 04f36430 00000001 01fefbe4 01324868 0d..........hH2.
0x01fefbd4: 042bf510 04f34020 00000000 00000000 ..+. @..........
0x01fefbe4: 01fefbf0 0132536b 04f34020 01fefc18 ....kS2. @......
0x01fefbf4: 00e90855 00000000 047be210 0133e240 U.........{.@.3.
0x01fefc04: 00000000 00000000 047be210 0133e49b ..........{...3.
0x01fefc14: 04f32800 01fefc38 0133cfdb 00000001 .(..8.....3.....
0x01fefc24: 00000000 04f32800 00000000 0035d318 .....(........5.
0x01fefc34: 0035d314 01fefc44 0133d77b 04f32800 ..5.D...{.3..(..
0x01fefc44: 01fefd8c 00e907f3 00000000 00000001 ................
0x01fefc54: 012e589e 012e80a7 013bfe0b 00000000 .X........;.....
0x01fefc64: 021d3000 042b3c00 00c0003f 000003ff .0...<+.?.......
0x01fefc74: 00000000 00000064 0000006f 00001fff ....d...o.......
0x01fefc84: 042b3b90 7fffffff 01fefcbc 013de6c0 .;+...........=.
0x01fefc94: 00000069 0000006f 0000000f 0000000f i...o...........
0x01fefca4: 7fffffff 00000000 01c50a80 040d18e0 ................
0x01fefcb4: 0000000f 01fefc00 01fefcec 013dc00c ..............=.
0x01fefcc4: 040d23a0 01bc2d48 0000000f 01fefcdc .#..H-..........
0x01fefcd4: 7fffffff 042b3e30 01c50a80 040d18e0 ....0>+.........
0x01fefce4: 040d05a8 0000006a 0000006f 013cd3be ....j...o.....<.
0x01fefcf4: 042afd30 01bc2d48 0000000f 00000000 0.*.H-..........
0x01fefd04: 0000005b 0000005f 01fefc48 616e614d [..._...H...Mana
0x01fefd14: 00646567 6c65746e 00000000 00000007 ged.ntel........
0x01fefd24: 0000000f 01bc2d48 04297b90 04297bc8 ....H-...{)..{).
0x01fefd34: 04297bc8 00000016 03fc9ec0 65646900 .{)..........ide
0x01fefd44: 646e6957 6c00776f 01fe006c 00000000 Window.ll.......
0x01fefd54: 0000000f 00000000 00000000 65726100 .............are
0x01fefd64: 5748746e 0100444e 02293fb3 00000000 ntHWND...?).....
0x01fefd74: 0000000f 00000000 03fc9ec0 03fc9f00 ................
0x01fefd84: 00000000 00100801 01fefda4 013874f8 .............t8.
0x01fefd94: 00c30000 00000000 02293fb5 00000001 .........?).....
0x01fefda4: 01fefe34 013bfdb8 00c30000 00000000 4.....;.........
0x01fefdb4: 02293fb5 00000001 fae05727 013bfe0b .?).....'W....;.
0x01fefdc4: 013bfe0b 021d3000 00000044 022923ec ..;..0..D....#).
0x01fefdd4: 022923cc 02292316 00000000 00000000 .#)..#).........
0x01fefde4: 00000000 00000000 00000000 00000000 ................
0x01fefdf4: 00000000 00000401 00000001 00000000 ................
0x01fefe04: 00000000 00010001 00000000 c0000005 ................
0x01fefe14: 013bfe0b 00000000 01fefdbc 01fef1b4 ..;.............
0x01fefe24: 01fefe80 013c1710 faddbebb 00000000 ......<.........
0x01fefe34: 01fefe48 76cc8744 021d3000 76cc8720 H...D..v.0.. ..v
0x01fefe44: e3a6142f 01fefe90 7724587d 021d3000 /.......}X$w.0..
0x01fefe54: b53fc9ae 00000000 00000000 021d3000 ..?..........0..
0x01fefe64: c0000005 00000000 01fef190 7464a0a0 ..............dt
0x01fefe74: b53fc9ae 01fefe54 01fef190 01fefe98 ..?.T...........
0x01fefe84: 7725a000 c3ef3616 00000000 01fefea0 ..%w.6..........
0x01fefe94: 7724584d ffffffff 77266328 00000000 MX$w....(c&w....
0x01fefea4: 00000000 013bfe0b 021d3000 00000000 ......;..0......
0x01fefeb4: 00000000 00000000 00000000 00000000 ................
0x01fefec4: 00000000 00000000 00000000 00000000 ................
0x01fefed4: 00000000 00000000 00000000 00000000 ................
0x01fefee4: 00000000 00000000 00000000 00000000 ................
0x01fefef4: 00000000 00000000 00000000 00000000 ................
0x01feff04: 00000000 00000000 00000000 00000000 ................
0x01feff14: 00000000 00000000 00000000 00000000 ................
0x01feff24: 00000000 00000000 00000000 00000000 ................
0x01feff34: 00000000 00000000 00000000 00000000 ................
0x01feff44: 00000000 00000000 00000000 00000000 ................
0x01feff54: 00000000 00000000 00000000 00000000 ................
0x01feff64: 00000000 00000000 00000000 00000000 ................
0x01feff74: 00000000 00000000 00000000 00000000 ................
0x01feff84: 00000000 00000000 00000000 00000000 ................
0x01feff94: 00000000 00000000 00000000 00000000 ................
0x01feffa4: 00000000 00000000 00000000 00000000 ................
0x01feffb4: 00000000 00000000 00000000 00000000 ................
0x01feffc4: 00000000 00000000 00000000 00000000 ................
0x01feffd4: 00000000 00000000 00000000 00000000 ................
0x01feffe4: 00000000 00000000 00000000 00000000 ................
0x01fefff4: 00000000 00000000 00000000          ............

Module 1
C:\Users\deswyn\Documents\Captsone\COSC469\Captstone Milestone 3 Rock Level\Milestone2.exe
Image Base: 0x00c30000  Image Size: 0x0122e000
File Size:  18200576    File Time:  2016-11-24_104838
Version:
   Company:    
   Product:    
   FileDesc:   
   FileVer:    5.5.0.46319
   ProdVer:    5.5.0.46319

Module 2
C:\Users\deswyn\Documents\Captsone\COSC469\Captstone Milestone 3 Rock Level\Milestone2_Data\Mono\mono.dll
Image Base: 0x10000000  Image Size: 0x00231000
File Size:  2115008     File Time:  2016-11-24_110056
Version:
   Company:    Unity Technologies
   Product:    libmono
   FileDesc:   Unity Technologies fork of mono runtime
   FileVer:    1.0.0.1
   ProdVer:    1.0.0.1

Module 3
C:\PROGRA~2\RAPTRI~1\Raptr\ltc_game32-116716.dll
Image Base: 0x17a90000  Image Size: 0x001d9000
File Size:  1839312     File Time:  2016-09-28_175350
Version:
   Company:    Raptr Inc.
   Product:    Raptr In-Game Overlay
   FileDesc:   Game Module
   FileVer:    1.0.0.1
   ProdVer:    1.0.0.1

Module 4
C:\PROGRA~2\RAPTRI~1\Raptr\ltc_help32-116716.dll
Image Base: 0x52d10000  Image Size: 0x00026000
File Size:  138448      File Time:  2016-09-28_175350
Version:
   Company:    Raptr Inc.
   Product:    Raptr In-Game Overlay
   FileDesc:   Help Module
   FileVer:    1.0.0.1
   ProdVer:    1.0.0.1

Module 5
C:\WINDOWS\system32\nvspcap.dll
Image Base: 0x5c820000  Image Size: 0x00168000
File Size:  1468864     File Time:  2017-02-23_143240
Version:
   Company:    NVIDIA Corporation
   Product:    NVIDIA GeForce Experience
   FileDesc:   NVIDIA Capture Server Proxy
   FileVer:    3.4.0.70
   ProdVer:    3.4.0.70

Module 6
C:\WINDOWS\SYSTEM32\d3d11.dll
Image Base: 0x5cf50000  Image Size: 0x00252000
File Size:  2417840     File Time:  2017-03-18_165854
Version:
   Company:    Microsoft Corporation
   Product:    Microsoft® Windows® Operating System
   FileDesc:   Direct3D 11 Runtime
   FileVer:    10.0.15063.0
   ProdVer:    10.0.15063.0

Module 7
C:\WINDOWS\SYSTEM32\usermgrcli.dll
Image Base: 0x5eaf0000  Image Size: 0x00010000
File Size:  55872       File Time:  2017-03-18_165850
Version:
   Company:    Microsoft Corporation
   Product:    Microsoft® Windows® Operating System
   FileDesc:   UserMgr API DLL
   FileVer:    10.0.15063.0
   ProdVer:    10.0.15063.0

Module 8
C:\WINDOWS\SYSTEM32\CoreUIComponents.dll
Image Base: 0x5eb00000  Image Size: 0x00227000
File Size:  2259760     File Time:  2017-03-18_165846
Version:
   Company:    Microsoft Corporation
   Product:    Microsoft® Windows® Operating System
   FileDesc:   Microsoft Core UI Components Dll
   FileVer:    10.0.15063.0
   ProdVer:    10.0.15063.0

Module 9
C:\WINDOWS\SYSTEM32\CoreMessaging.dll
Image Base: 0x5ed30000  Image Size: 0x0008f000
File Size:  583160      File Time:  2017-03-18_165846
Version:
   Company:    Microsoft Corporation
   Product:    Microsoft® Windows® Operating System
   FileDesc:   Microsoft CoreMessaging Dll
   FileVer:    10.0.15063.0
   ProdVer:    10.0.15063.0

Module 10
C:\WINDOWS\SYSTEM32\TextInputFramework.dll
Image Base: 0x5edc0000  Image Size: 0x00067000
File Size:  401920      File Time:  2017-03-18_165846
Version:
   Company:    Microsoft Corporation
   Product:    Microsoft® Windows® Operating System
   FileDesc:   "TextInputFramework.DYNLINK"
   FileVer:    10.0.15063.0
   ProdVer:    10.0.15063.0

Module 11
C:\Windows\System32\cryptnet.dll
Image Base: 0x61af0000  Image Size: 0x00025000
File Size:  135168      File Time:  2017-03-18_165850
Version:
   Company:    Microsoft Corporation
   Product:    Microsoft® Windows® Operating System
   FileDesc:   Crypto Network Related API
   FileVer:    10.0.15063.0
   ProdVer:    10.0.15063.0

Module 12
C:\WINDOWS\SYSTEM32\gpapi.dll
Image Base: 0x61b20000  Image Size: 0x0001e000
File Size:  111128      File Time:  2017-03-18_165844
Version:
   Company:    Microsoft Corporation
   Product:    Microsoft® Windows® Operating System
   FileDesc:   Group Policy Client API
   FileVer:    10.0.15063.0
   ProdVer:    10.0.15063.0

Module 13
C:\WINDOWS\SYSTEM32\OPENGL32.dll
Image Base: 0x65b40000  Image Size: 0x000df000
File Size:  776704      File Time:  2017-03-18_165852
Version:
   Company:    Microsoft Corporation
   Product:    Microsoft® Windows® Operating System
   FileDesc:   OpenGL Client DLL
   FileVer:    10.0.15063.0
   ProdVer:    10.0.15063.0

Module 14
C:\Program Files (x86)\ASUS\AI Suite III\DIP4\DIPAwayMode\AsKeyboardFocusHooker.dll
Image Base: 0x677c0000  Image Size: 0x00081000
File Size:  507392      File Time:  2016-07-22_182434
Version:
   Company:    
   Product:    
   FileDesc:   
   FileVer:    0.0.0.0
   ProdVer:    0.0.0.0

Module 15
C:\WINDOWS\system32\nvapi.dll
Image Base: 0x6a5b0000  Image Size: 0x003a7000
File Size:  3602296     File Time:  2017-03-31_232700
Version:
   Company:    NVIDIA Corporation
   Product:    NVIDIA Windows drivers
   FileDesc:   NVIDIA NVAPI Library, Version 381.65 
   FileVer:    22.21.13.8165
   ProdVer:    22.21.13.8165

Module 16
C:\WINDOWS\SYSTEM32\dbghelp.dll
Image Base: 0x6ace0000  Image Size: 0x0015d000
File Size:  1284608     File Time:  2017-03-18_165850
Version:
   Company:    Microsoft Corporation
   Product:    Microsoft® Windows® Operating System
   FileDesc:   Windows Image Helper
   FileVer:    10.0.15063.0
   ProdVer:    10.0.15063.0

Module 17
C:\WINDOWS\SYSTEM32\GLU32.dll
Image Base: 0x6aea0000  Image Size: 0x00025000
File Size:  138240      File Time:  2017-03-18_165852
Version:
   Company:    Microsoft Corporation
   Product:    Microsoft® Windows® Operating System
   FileDesc:   OpenGL Utility Library DLL
   FileVer:    10.0.15063.0
   ProdVer:    10.0.15063.0

Module 18
C:\WINDOWS\SYSTEM32\dxgi.dll
Image Base: 0x6af70000  Image Size: 0x0008a000
File Size:  551200      File Time:  2017-03-18_165854
Version:
   Company:    Microsoft Corporation
   Product:    Microsoft® Windows® Operating System
   FileDesc:   DirectX Graphics Infrastructure
   FileVer:    10.0.15063.0
   ProdVer:    10.0.15063.0

Module 19
C:\WINDOWS\SYSTEM32\WINNSI.DLL
Image Base: 0x6b060000  Image Size: 0x00008000
File Size:  26912       File Time:  2017-03-18_165736
Version:
   Company:    Microsoft Corporation
   Product:    Microsoft® Windows® Operating System
   FileDesc:   Network Store Information RPC interface
   FileVer:    10.0.15063.0
   ProdVer:    10.0.15063.0

Module 20
C:\WINDOWS\System32\fwpuclnt.dll
Image Base: 0x6bd40000  Image Size: 0x0004a000
File Size:  285184      File Time:  2017-03-18_165850
Version:
   Company:    Microsoft Corporation
   Product:    Microsoft® Windows® Operating System
   FileDesc:   FWP/IPsec User-Mode API
   FileVer:    10.0.15063.0
   ProdVer:    10.0.15063.0

Module 21
C:\WINDOWS\SYSTEM32\midimap.dll
Image Base: 0x6bef0000  Image Size: 0x00008000
File Size:  18944       File Time:  2017-03-18_165846
Version:
   Company:    Microsoft Corporation
   Product:    Microsoft® Windows® Operating System
   FileDesc:   Microsoft MIDI Mapper
   FileVer:    10.0.15063.0
   ProdVer:    10.0.15063.0

Module 22
C:\WINDOWS\SYSTEM32\MSACM32.dll
Image Base: 0x6bf00000  Image Size: 0x00018000
File Size:  90456       File Time:  2017-03-18_165840
Version:
   Company:    Microsoft Corporation
   Product:    Microsoft® Windows® Operating System
   FileDesc:   Microsoft ACM Audio Filter
   FileVer:    10.0.15063.0
   ProdVer:    10.0.15063.0

Module 23
C:\WINDOWS\SYSTEM32\msacm32.drv
Image Base: 0x6bf20000  Image Size: 0x0000a000
File Size:  24576       File Time:  2017-03-18_165846
Version:
   Company:    Microsoft Corporation
   Product:    Microsoft® Windows® Operating System
   FileDesc:   Microsoft Sound Mapper
   FileVer:    10.0.15063.0
   ProdVer:    10.0.15063.0

Module 24
C:\WINDOWS\SYSTEM32\wintypes.dll
Image Base: 0x6bf30000  Image Size: 0x000d1000
File Size:  856416      File Time:  2017-03-18_165850
Version:
   Company:    Microsoft Corporation
   Product:    Microsoft® Windows® Operating System
   FileDesc:   Windows Base Types DLL
   FileVer:    10.0.15063.0
   ProdVer:    10.0.15063.0

Module 25
C:\WINDOWS\SYSTEM32\AUDIOSES.DLL
Image Base: 0x6c010000  Image Size: 0x000d7000
File Size:  864240      File Time:  2017-03-18_165840
Version:
   Company:    Microsoft Corporation
   Product:    Microsoft® Windows® Operating System
   FileDesc:   Audio Session
   FileVer:    10.0.15063.0
   ProdVer:    10.0.15063.0

Module 26
C:\WINDOWS\SYSTEM32\ksuser.dll
Image Base: 0x6c0f0000  Image Size: 0x00007000
File Size:  20216       File Time:  2017-03-18_165840
Version:
   Company:    Microsoft Corporation
   Product:    Microsoft® Windows® Operating System
   FileDesc:   User CSA Library
   FileVer:    10.0.15063.0
   ProdVer:    10.0.15063.0

Module 27
C:\WINDOWS\SYSTEM32\wdmaud.drv
Image Base: 0x6c100000  Image Size: 0x00039000
File Size:  209920      File Time:  2017-03-18_165840
Version:
   Company:    Microsoft Corporation
   Product:    Microsoft® Windows® Operating System
   FileDesc:   Winmm  audio system driver
   FileVer:    10.0.15063.0
   ProdVer:    10.0.15063.0

Module 28
C:\WINDOWS\System32\PROPSYS.dll
Image Base: 0x6c140000  Image Size: 0x00164000
File Size:  1465360     File Time:  2017-03-18_165852
Version:
   Company:    Microsoft Corporation
   Product:    Windows® Search
   FileDesc:   Microsoft Property System
   FileVer:    7.0.15063.0
   ProdVer:    7.0.15063.0

Module 29
C:\WINDOWS\System32\MMDevApi.dll
Image Base: 0x6c2b0000  Image Size: 0x0005a000
File Size:  356992      File Time:  2017-03-18_165840
Version:
   Company:    Microsoft Corporation
   Product:    Microsoft® Windows® Operating System
   FileDesc:   MMDevice API
   FileVer:    10.0.15063.0
   ProdVer:    10.0.15063.0

Module 30
C:\Windows\System32\rasadhlp.dll
Image Base: 0x6c310000  Image Size: 0x00008000
File Size:  12800       File Time:  2017-03-18_165846
Version:
   Company:    Microsoft Corporation
   Product:    Microsoft® Windows® Operating System
   FileDesc:   Remote Access AutoDial Helper
   FileVer:    10.0.15063.0
   ProdVer:    10.0.15063.0

Module 31
C:\WINDOWS\SYSTEM32\dhcpcsvc.DLL
Image Base: 0x6c380000  Image Size: 0x00014000
File Size:  62976       File Time:  2017-03-18_165846
Version:
   Company:    Microsoft Corporation
   Product:    Microsoft® Windows® Operating System
   FileDesc:   DHCP Client Service
   FileVer:    10.0.15063.0
   ProdVer:    10.0.15063.0

Module 32
C:\WINDOWS\SYSTEM32\dhcpcsvc6.DLL
Image Base: 0x6c3a0000  Image Size: 0x00013000
File Size:  57344       File Time:  2017-03-18_165846
Version:
   Company:    Microsoft Corporation
   Product:    Microsoft® Windows® Operating System
   FileDesc:   DHCPv6 Client
   FileVer:    10.0.15063.0
   ProdVer:    10.0.15063.0

Module 33
C:\WINDOWS\SYSTEM32\ntmarta.dll
Image Base: 0x6c3c0000  Image Size: 0x00028000
File Size:  152440      File Time:  2017-03-18_165852
Version:
   Company:    Microsoft Corporation
   Product:    Microsoft® Windows® Operating System
   FileDesc:   Windows NT MARTA provider
   FileVer:    10.0.15063.0
   ProdVer:    10.0.15063.0

Module 34
C:\WINDOWS\system32\rsaenh.dll
Image Base: 0x6c3f0000  Image Size: 0x0002f000
File Size:  183448      File Time:  2017-03-18_165848
Version:
   Company:    Microsoft Corporation
   Product:    Microsoft® Windows® Operating System
   FileDesc:   Microsoft Enhanced Cryptographic Provider
   FileVer:    10.0.15063.0
   ProdVer:    10.0.15063.0

Module 35
C:\WINDOWS\System32\CRYPTSP.dll
Image Base: 0x6c420000  Image Size: 0x00013000
File Size:  67760       File Time:  2017-03-18_165850
Version:
   Company:    Microsoft Corporation
   Product:    Microsoft® Windows® Operating System
   FileDesc:   Cryptographic Service Provider API
   FileVer:    10.0.15063.0
   ProdVer:    10.0.15063.0

Module 36
C:\WINDOWS\SYSTEM32\DEVOBJ.dll
Image Base: 0x6cc80000  Image Size: 0x00022000
File Size:  131784      File Time:  2017-03-18_165850
Version:
   Company:    Microsoft Corporation
   Product:    Microsoft® Windows® Operating System
   FileDesc:   Device Information Set DLL
   FileVer:    10.0.15063.0
   ProdVer:    10.0.15063.0

Module 37
C:\WINDOWS\SYSTEM32\HID.DLL
Image Base: 0x6ccb0000  Image Size: 0x0000a000
File Size:  25600       File Time:  2017-03-18_165850
Version:
   Company:    Microsoft Corporation
   Product:    Microsoft® Windows® Operating System
   FileDesc:   Hid User Library
   FileVer:    10.0.15063.0
   ProdVer:    10.0.15063.0

Module 38
C:\WINDOWS\system32\wbem\fastprox.dll
Image Base: 0x6df10000  Image Size: 0x000c0000
File Size:  770560      File Time:  2017-03-18_165852
Version:
   Company:    Microsoft Corporation
   Product:    Microsoft® Windows® Operating System
   FileDesc:   WMI Custom Marshaller
   FileVer:    10.0.15063.0
   ProdVer:    10.0.15063.0

Module 39
C:\WINDOWS\system32\wbem\wbemsvc.dll
Image Base: 0x6dfd0000  Image Size: 0x00010000
File Size:  48640       File Time:  2017-03-18_165850
Version:
   Company:    Microsoft Corporation
   Product:    Microsoft® Windows® Operating System
   FileDesc:   WMI
   FileVer:    10.0.15063.0
   ProdVer:    10.0.15063.0

Module 40
C:\WINDOWS\system32\uxtheme.dll
Image Base: 0x6e060000  Image Size: 0x00078000
File Size:  474112      File Time:  2017-03-18_165858
Version:
   Company:    Microsoft Corporation
   Product:    Microsoft® Windows® Operating System
   FileDesc:   Microsoft UxTheme Library
   FileVer:    10.0.15063.0
   ProdVer:    10.0.15063.0

Module 41
C:\WINDOWS\SYSTEM32\wbemcomn.dll
Image Base: 0x6e220000  Image Size: 0x00068000
File Size:  399360      File Time:  2017-03-18_165850
Version:
   Company:    Microsoft Corporation
   Product:    Microsoft® Windows® Operating System
   FileDesc:   WMI
   FileVer:    10.0.15063.0
   ProdVer:    10.0.15063.0

Module 42
C:\WINDOWS\system32\wbem\wbemprox.dll
Image Base: 0x6e290000  Image Size: 0x0000d000
File Size:  35840       File Time:  2017-03-18_165850
Version:
   Company:    Microsoft Corporation
   Product:    Microsoft® Windows® Operating System
   FileDesc:   WMI
   FileVer:    10.0.15063.0
   ProdVer:    10.0.15063.0

Module 43
C:\WINDOWS\SYSTEM32\MSWSOCK.dll
Image Base: 0x6f780000  Image Size: 0x0004e000
File Size:  305568      File Time:  2017-03-18_165846
Version:
   Company:    Microsoft Corporation
   Product:    Microsoft® Windows® Operating System
   FileDesc:   Microsoft Windows Sockets 2.0 Service Provider
   FileVer:    10.0.15063.0
   ProdVer:    10.0.15063.0

Module 44
C:\WINDOWS\system32\dwmapi.dll
Image Base: 0x6f8d0000  Image Size: 0x00023000
File Size:  125344      File Time:  2017-03-18_165900
Version:
   Company:    Microsoft Corporation
   Product:    Microsoft® Windows® Operating System
   FileDesc:   Microsoft Desktop Window Manager API
   FileVer:    10.0.15063.0
   ProdVer:    10.0.15063.0

Module 45
C:\WINDOWS\SYSTEM32\DNSAPI.dll
Image Base: 0x6fb70000  Image Size: 0x0007f000
File Size:  508344      File Time:  2017-03-18_165846
Version:
   Company:    Microsoft Corporation
   Product:    Microsoft® Windows® Operating System
   FileDesc:   DNS Client API DLL
   FileVer:    10.0.15063.0
   ProdVer:    10.0.15063.0

Module 46
C:\WINDOWS\SYSTEM32\bcrypt.dll
Image Base: 0x6fed0000  Image Size: 0x00018000
File Size:  93536       File Time:  2017-03-18_165848
Version:
   Company:    Microsoft Corporation
   Product:    Microsoft® Windows® Operating System
   FileDesc:   Windows Cryptographic Primitives Library
   FileVer:    10.0.15063.0
   ProdVer:    10.0.15063.0

Module 47
C:\WINDOWS\SYSTEM32\WINMMBASE.dll
Image Base: 0x70870000  Image Size: 0x00023000
File Size:  129736      File Time:  2017-03-18_165846
Version:
   Company:    Microsoft Corporation
   Product:    Microsoft® Windows® Operating System
   FileDesc:   Base Multimedia Extension API DLL
   FileVer:    10.0.15063.0
   ProdVer:    10.0.15063.0

Module 48
C:\WINDOWS\WinSxS\x86_microsoft.windows.common-controls_6595b64144ccf1df_6.0.15063.0_none_583b8639f462029f\comctl32.dll
Image Base: 0x71700000  Image Size: 0x0020e000
File Size:  2139040     File Time:  2017-03-18_165900
Version:
   Company:    Microsoft Corporation
   Product:    Microsoft® Windows® Operating System
   FileDesc:   User Experience Controls Library
   FileVer:    6.10.15063.0
   ProdVer:    10.0.15063.0

Module 49
C:\WINDOWS\SYSTEM32\WINMM.dll
Image Base: 0x71bf0000  Image Size: 0x00024000
File Size:  135440      File Time:  2017-03-18_165846
Version:
   Company:    Microsoft Corporation
   Product:    Microsoft® Windows® Operating System
   FileDesc:   MCI API DLL
   FileVer:    10.0.15063.0
   ProdVer:    10.0.15063.0

Module 50
C:\WINDOWS\SYSTEM32\WINHTTP.dll
Image Base: 0x736e0000  Image Size: 0x000ad000
File Size:  703576      File Time:  2017-03-18_165850
Version:
   Company:    Microsoft Corporation
   Product:    Microsoft® Windows® Operating System
   FileDesc:   Windows HTTP Services
   FileVer:    10.0.15063.0
   ProdVer:    10.0.15063.0

Module 51
C:\WINDOWS\SYSTEM32\WTSAPI32.dll
Image Base: 0x737c0000  Image Size: 0x0000f000
File Size:  53272       File Time:  2017-03-18_165900
Version:
   Company:    Microsoft Corporation
   Product:    Microsoft® Windows® Operating System
   FileDesc:   Windows Remote Desktop Session Host Server SDK APIs
   FileVer:    10.0.15063.0
   ProdVer:    10.0.15063.0

Module 52
C:\WINDOWS\SYSTEM32\VERSION.dll
Image Base: 0x737d0000  Image Size: 0x00008000
File Size:  27424       File Time:  2017-03-18_165900
Version:
   Company:    Microsoft Corporation
   Product:    Microsoft® Windows® Operating System
   FileDesc:   Version Checking and File Installation Libraries
   FileVer:    10.0.15063.0
   ProdVer:    10.0.15063.0

Module 53
C:\WINDOWS\SYSTEM32\IPHLPAPI.DLL
Image Base: 0x73bd0000  Image Size: 0x0002f000
File Size:  187544      File Time:  2017-03-18_165846
Version:
   Company:    Microsoft Corporation
   Product:    Microsoft® Windows® Operating System
   FileDesc:   IP Helper API
   FileVer:    10.0.15063.0
   ProdVer:    10.0.15063.0

Module 54
C:\WINDOWS\SYSTEM32\AVRT.dll
Image Base: 0x73c30000  Image Size: 0x00009000
File Size:  28992       File Time:  2017-03-18_165840
Version:
   Company:    Microsoft Corporation
   Product:    Microsoft® Windows® Operating System
   FileDesc:   Multimedia Realtime Runtime
   FileVer:    10.0.15063.0
   ProdVer:    10.0.15063.0

Module 55
C:\WINDOWS\System32\CRYPTBASE.dll
Image Base: 0x73ca0000  Image Size: 0x0000a000
File Size:  31592       File Time:  2017-03-18_165846
Version:
   Company:    Microsoft Corporation
   Product:    Microsoft® Windows® Operating System
   FileDesc:   Base cryptographic API DLL
   FileVer:    10.0.15063.0
   ProdVer:    10.0.15063.0

Module 56
C:\WINDOWS\System32\SspiCli.dll
Image Base: 0x73cb0000  Image Size: 0x00020000
File Size:  124544      File Time:  2017-03-18_165846
Version:
   Company:    Microsoft Corporation
   Product:    Microsoft® Windows® Operating System
   FileDesc:   Security Support Provider Interface
   FileVer:    10.0.15063.0
   ProdVer:    10.0.15063.0

Module 57
C:\WINDOWS\System32\cfgmgr32.dll
Image Base: 0x73cd0000  Image Size: 0x00039000
File Size:  226816      File Time:  2017-03-18_165850
Version:
   Company:    Microsoft Corporation
   Product:    Microsoft® Windows® Operating System
   FileDesc:   Configuration Manager DLL
   FileVer:    10.0.15063.0
   ProdVer:    10.0.15063.0

Module 58
C:\WINDOWS\System32\powrprof.dll
Image Base: 0x73d20000  Image Size: 0x00045000
File Size:  276400      File Time:  2017-03-18_165850
Version:
   Company:    Microsoft Corporation
   Product:    Microsoft® Windows® Operating System
   FileDesc:   Power Profile Helper DLL
   FileVer:    10.0.15063.0
   ProdVer:    10.0.15063.0

Module 59
C:\WINDOWS\System32\ucrtbase.dll
Image Base: 0x73d70000  Image Size: 0x00118000
File Size:  1150776     File Time:  2017-03-18_165846
Version:
   Company:    Microsoft Corporation
   Product:    Microsoft® Windows® Operating System
   FileDesc:   Microsoft® C Runtime Library
   FileVer:    10.0.15063.0
   ProdVer:    10.0.15063.0

Module 60
C:\WINDOWS\System32\combase.dll
Image Base: 0x73e90000  Image Size: 0x00238000
File Size:  2328984     File Time:  2017-03-18_165850
Version:
   Company:    Microsoft Corporation
   Product:    Microsoft® Windows® Operating System
   FileDesc:   Microsoft COM for Windows
   FileVer:    10.0.15063.0
   ProdVer:    10.0.15063.0

Module 61
C:\WINDOWS\System32\RPCRT4.dll
Image Base: 0x74130000  Image Size: 0x000c0000
File Size:  787712      File Time:  2017-03-18_165846
Version:
   Company:    Microsoft Corporation
   Product:    Microsoft® Windows® Operating System
   FileDesc:   Remote Procedure Call Runtime
   FileVer:    10.0.15063.0
   ProdVer:    10.0.15063.0

Module 62
C:\WINDOWS\System32\bcryptPrimitives.dll
Image Base: 0x74360000  Image Size: 0x00057000
File Size:  354360      File Time:  2017-03-31_202818
Version:
   Company:    Microsoft Corporation
   Product:    Microsoft® Windows® Operating System
   FileDesc:   Windows Cryptographic Primitives Library
   FileVer:    10.0.15063.138
   ProdVer:    10.0.15063.138

Module 63
C:\WINDOWS\System32\clbcatq.dll
Image Base: 0x743c0000  Image Size: 0x00083000
File Size:  521728      File Time:  2017-03-18_165842
Version:
   Company:    Microsoft Corporation
   Product:    Microsoft® Windows® Operating System
   FileDesc:   COM+ Configuration Catalog
   FileVer:    2001.12.10941.16384
   ProdVer:    10.0.15063.0

Module 64
C:\WINDOWS\System32\msvcp_win.dll
Image Base: 0x74450000  Image Size: 0x00079000
File Size:  491232      File Time:  2017-03-18_165846
Version:
   Company:    Microsoft Corporation
   Product:    Microsoft® Windows® Operating System
   FileDesc:   Microsoft® C Runtime Library
   FileVer:    10.0.15063.0
   ProdVer:    10.0.15063.0

Module 65
C:\WINDOWS\System32\KERNELBASE.dll
Image Base: 0x744d0000  Image Size: 0x001c2000
File Size:  1839872     File Time:  2017-03-18_165736
Version:
   Company:    Microsoft Corporation
   Product:    Microsoft® Windows® Operating System
   FileDesc:   Windows NT BASE API Client DLL
   FileVer:    10.0.15063.0
   ProdVer:    10.0.15063.0

Module 66
C:\WINDOWS\System32\kernel.appcore.dll
Image Base: 0x746a0000  Image Size: 0x0000e000
File Size:  47096       File Time:  2017-03-18_165848
Version:
   Company:    Microsoft Corporation
   Product:    Microsoft® Windows® Operating System
   FileDesc:   AppModel API Host
   FileVer:    10.0.15063.0
   ProdVer:    10.0.15063.0

Module 67
C:\WINDOWS\System32\GDI32.dll
Image Base: 0x746b0000  Image Size: 0x00021000
File Size:  129184      File Time:  2017-03-18_165856
Version:
   Company:    Microsoft Corporation
   Product:    Microsoft® Windows® Operating System
   FileDesc:   GDI Client DLL
   FileVer:    10.0.15063.0
   ProdVer:    10.0.15063.0

Module 68
C:\WINDOWS\System32\gdi32full.dll
Image Base: 0x746e0000  Image Size: 0x00159000
File Size:  1411640     File Time:  2017-03-31_205740
Version:
   Company:    Microsoft Corporation
   Product:    Microsoft® Windows® Operating System
   FileDesc:   GDI Client DLL
   FileVer:    10.0.15063.138
   ProdVer:    10.0.15063.138

Module 69
C:\WINDOWS\System32\win32u.dll
Image Base: 0x74840000  Image Size: 0x00016000
File Size:  81176       File Time:  2017-03-18_165900
Version:
   Company:    Microsoft Corporation
   Product:    Microsoft® Windows® Operating System
   FileDesc:   Win32u
   FileVer:    10.0.15063.0
   ProdVer:    10.0.15063.0

Module 70
C:\WINDOWS\System32\windows.storage.dll
Image Base: 0x74860000  Image Size: 0x00584000
File Size:  5820984     File Time:  2017-03-18_165854
Version:
   Company:    Microsoft Corporation
   Product:    Microsoft® Windows® Operating System
   FileDesc:   Microsoft WinRT Storage API
   FileVer:    10.0.15063.0
   ProdVer:    10.0.15063.0

Module 71
C:\WINDOWS\System32\USER32.dll
Image Base: 0x74ee0000  Image Size: 0x0013c000
File Size:  1292872     File Time:  2017-03-18_165902
Version:
   Company:    Microsoft Corporation
   Product:    Microsoft® Windows® Operating System
   FileDesc:   Multi-User Windows USER API Client DLL
   FileVer:    10.0.15063.0
   ProdVer:    10.0.15063.0

Module 72
C:\WINDOWS\System32\ole32.dll
Image Base: 0x75020000  Image Size: 0x000f2000
File Size:  986592      File Time:  2017-03-31_202520
Version:
   Company:    Microsoft Corporation
   Product:    Microsoft® Windows® Operating System
   FileDesc:   Microsoft OLE for Windows
   FileVer:    10.0.15063.138
   ProdVer:    10.0.15063.138

Module 73
C:\WINDOWS\System32\SETUPAPI.dll
Image Base: 0x75120000  Image Size: 0x0041a000
File Size:  4330920     File Time:  2017-03-18_165840
Version:
   Company:    Microsoft Corporation
   Product:    Microsoft® Windows® Operating System
   FileDesc:   Windows Setup API
   FileVer:    10.0.15063.0
   ProdVer:    10.0.15063.0

Module 74
C:\WINDOWS\System32\WINTRUST.dll
Image Base: 0x75540000  Image Size: 0x00044000
File Size:  276880      File Time:  2017-03-18_165848
Version:
   Company:    Microsoft Corporation
   Product:    Microsoft® Windows® Operating System
   FileDesc:   Microsoft Trust Verification APIs
   FileVer:    10.0.15063.0
   ProdVer:    10.0.15063.0

Module 75
C:\WINDOWS\System32\SHELL32.dll
Image Base: 0x75590000  Image Size: 0x01348000
File Size:  20374432    File Time:  2017-03-18_165858
Version:
   Company:    Microsoft Corporation
   Product:    Microsoft® Windows® Operating System
   FileDesc:   Windows Shell Common Dll
   FileVer:    10.0.15063.0
   ProdVer:    10.0.15063.0

Module 76
C:\WINDOWS\System32\NSI.dll
Image Base: 0x768e0000  Image Size: 0x00007000
File Size:  20216       File Time:  2017-03-18_165736
Version:
   Company:    Microsoft Corporation
   Product:    Microsoft® Windows® Operating System
   FileDesc:   NSI User-mode interface DLL
   FileVer:    10.0.15063.0
   ProdVer:    10.0.15063.0

Module 77
C:\WINDOWS\System32\imagehlp.dll
Image Base: 0x768f0000  Image Size: 0x00019000
File Size:  95072       File Time:  2017-03-18_165740
Version:
   Company:    Microsoft Corporation
   Product:    Microsoft® Windows® Operating System
   FileDesc:   Windows NT Image Helper
   FileVer:    10.0.15063.0
   ProdVer:    10.0.15063.0

Module 78
C:\WINDOWS\System32\OLEAUT32.dll
Image Base: 0x76910000  Image Size: 0x00096000
File Size:  605936      File Time:  2017-03-18_165846
Version:
   Company:    Microsoft Corporation
   Product:    Microsoft® Windows® Operating System
   FileDesc:   OLEAUT32.DLL
   FileVer:    10.0.15063.0
   ProdVer:    10.0.15063.0

Module 79
C:\WINDOWS\System32\shcore.dll
Image Base: 0x769b0000  Image Size: 0x0008c000
File Size:  569264      File Time:  2017-03-18_165856
Version:
   Company:    Microsoft Corporation
   Product:    Microsoft® Windows® Operating System
   FileDesc:   SHCORE
   FileVer:    10.0.15063.0
   ProdVer:    10.0.15063.0

Module 80
C:\WINDOWS\System32\SHLWAPI.dll
Image Base: 0x76a40000  Image Size: 0x00045000
File Size:  277432      File Time:  2017-03-18_165858
Version:
   Company:    Microsoft Corporation
   Product:    Microsoft® Windows® Operating System
   FileDesc:   Shell Light-weight Utility Library
   FileVer:    10.0.15063.0
   ProdVer:    10.0.15063.0

Module 81
C:\WINDOWS\System32\CRYPT32.dll
Image Base: 0x76a90000  Image Size: 0x0017d000
File Size:  1557288     File Time:  2017-03-18_165848
Version:
   Company:    Microsoft Corporation
   Product:    Microsoft® Windows® Operating System
   FileDesc:   Crypto API32
   FileVer:    10.0.15063.0
   ProdVer:    10.0.15063.0

Module 82
C:\WINDOWS\System32\PSAPI.DLL
Image Base: 0x76ca0000  Image Size: 0x00006000
File Size:  17112       File Time:  2017-03-18_165840
Version:
   Company:    Microsoft Corporation
   Product:    Microsoft® Windows® Operating System
   FileDesc:   Process Status Helper
   FileVer:    10.0.15063.0
   ProdVer:    10.0.15063.0

Module 83
C:\WINDOWS\System32\KERNEL32.DLL
Image Base: 0x76cb0000  Image Size: 0x000d0000
File Size:  599576      File Time:  2017-03-18_165842
Version:
   Company:    Microsoft Corporation
   Product:    Microsoft® Windows® Operating System
   FileDesc:   Windows NT BASE API Client DLL
   FileVer:    10.0.15063.0
   ProdVer:    10.0.15063.0

Module 84
C:\WINDOWS\System32\WS2_32.dll
Image Base: 0x76d80000  Image Size: 0x00067000
File Size:  415864      File Time:  2017-03-18_165846
Version:
   Company:    Microsoft Corporation
   Product:    Microsoft® Windows® Operating System
   FileDesc:   Windows Socket 2.0 32-Bit DLL
   FileVer:    10.0.15063.0
   ProdVer:    10.0.15063.0

Module 85
C:\WINDOWS\System32\MSCTF.dll
Image Base: 0x76df0000  Image Size: 0x00146000
File Size:  1333136     File Time:  2017-03-18_165900
Version:
   Company:    Microsoft Corporation
   Product:    Microsoft® Windows® Operating System
   FileDesc:   MSCTF Server DLL
   FileVer:    10.0.15063.0
   ProdVer:    10.0.15063.0

Module 86
C:\WINDOWS\System32\profapi.dll
Image Base: 0x76f40000  Image Size: 0x00010000
File Size:  59456       File Time:  2017-03-18_165846
Version:
   Company:    Microsoft Corporation
   Product:    Microsoft® Windows® Operating System
   FileDesc:   User Profile Basic API
   FileVer:    10.0.15063.0
   ProdVer:    10.0.15063.0

Module 87
C:\WINDOWS\System32\ADVAPI32.dll
Image Base: 0x76f50000  Image Size: 0x00077000
File Size:  480920      File Time:  2017-03-18_165840
Version:
   Company:    Microsoft Corporation
   Product:    Microsoft® Windows® Operating System
   FileDesc:   Advanced Windows 32 Base API
   FileVer:    10.0.15063.0
   ProdVer:    10.0.15063.0

Module 88
C:\WINDOWS\System32\msvcrt.dll
Image Base: 0x76fd0000  Image Size: 0x000bd000
File Size:  769608      File Time:  2017-03-18_165846
Version:
   Company:    Microsoft Corporation
   Product:    Microsoft® Windows® Operating System
   FileDesc:   Windows NT CRT DLL
   FileVer:    7.0.15063.0
   ProdVer:    10.0.15063.0

Module 89
C:\WINDOWS\System32\MSASN1.dll
Image Base: 0x77090000  Image Size: 0x0000e000
File Size:  49656       File Time:  2017-03-18_165848
Version:
   Company:    Microsoft Corporation
   Product:    Microsoft® Windows® Operating System
   FileDesc:   ASN.1 Runtime APIs
   FileVer:    10.0.15063.0
   ProdVer:    10.0.15063.0

Module 90
C:\WINDOWS\System32\sechost.dll
Image Base: 0x77160000  Image Size: 0x00041000
File Size:  257792      File Time:  2017-03-18_165846
Version:
   Company:    Microsoft Corporation
   Product:    Microsoft® Windows® Operating System
   FileDesc:   Host for SCM/SDDL/LSA Lookup APIs
   FileVer:    10.0.15063.0
   ProdVer:    10.0.15063.0

Module 91
C:\WINDOWS\System32\IMM32.dll
Image Base: 0x771b0000  Image Size: 0x00025000
File Size:  143672      File Time:  2017-03-18_165902
Version:
   Company:    Microsoft Corporation
   Product:    Microsoft® Windows® Operating System
   FileDesc:   Multi-User Windows IMM32 API Client DLL
   FileVer:    10.0.15063.0
   ProdVer:    10.0.15063.0

Module 92
C:\WINDOWS\SYSTEM32\ntdll.dll
Image Base: 0x771e0000  Image Size: 0x0018e000
File Size:  1620368     File Time:  2017-03-18_165846
Version:
   Company:    Microsoft Corporation
   Product:    Microsoft® Windows® Operating System
   FileDesc:   NT Layer DLL
   FileVer:    10.0.15063.0
   ProdVer:    10.0.15063.0


== [end of error.log] ==
