Base path: C:/Program Files/Unity/Editor/Data
Cmd: initializeCompiler
Cmd: preprocess
  insize=9665 outsize=1868 ok=1
Cmd: preprocess
  insize=11457 outsize=688 ok=1
Cmd: preprocess
  insize=1289 outsize=454 ok=1
Cmd: preprocess
  insize=11727 outsize=760 ok=1
Cmd: preprocess
  insize=1847 outsize=404 ok=1
Cmd: preprocess
  insize=3183 outsize=321 ok=1
Cmd: preprocess
  insize=9091 outsize=1344 ok=1
Cmd: preprocess
  insize=1069 outsize=402 ok=1
Cmd: preprocess
  insize=1134 outsize=361 ok=1
Cmd: preprocess
  insize=3064 outsize=412 ok=1
Cmd: preprocess
  insize=4490 outsize=1169 ok=1
Cmd: preprocess
  insize=2120 outsize=459 ok=1
Cmd: preprocess
  insize=1539 outsize=459 ok=1
Cmd: preprocess
  insize=2627 outsize=295 ok=1
Cmd: preprocess
  insize=2691 outsize=392 ok=1
Cmd: preprocess
  insize=4165 outsize=660 ok=1
Cmd: preprocess
  insize=2414 outsize=1077 ok=1
Cmd: preprocess
  insize=3433 outsize=2546 ok=1
Cmd: preprocess
  insize=1374 outsize=456 ok=1
Cmd: preprocess
  error: 2 plat 20 at (42): Can't find include file frag_ao.cginc
  error: 2 plat 20 at (46): Can't find include file frag_ao.cginc
  error: 2 plat 20 at (50): Can't find include file frag_ao.cginc
  error: 2 plat 20 at (54): Can't find include file frag_ao.cginc
  error: 2 plat 20 at (59): Can't find include file frag_ao.cginc
  insize=6999 outsize=751 ok=0
Cmd: preprocess
  insize=1445 outsize=360 ok=1
Cmd: preprocess
  insize=13014 outsize=2633 ok=1
Cmd: preprocess
  insize=10146 outsize=3898 ok=1
Cmd: preprocess
  insize=3736 outsize=374 ok=1
Cmd: preprocess
  insize=5962 outsize=1841 ok=1
Cmd: preprocess
  insize=3111 outsize=745 ok=1
Cmd: preprocess
  insize=1662 outsize=437 ok=1
Cmd: preprocess
  insize=1539 outsize=315 ok=1
Cmd: preprocess
  insize=2003 outsize=319 ok=1
Cmd: preprocess
  insize=2264 outsize=298 ok=1
Cmd: preprocess
  insize=2462 outsize=1143 ok=1
Cmd: preprocess
  insize=1556 outsize=400 ok=1
Cmd: preprocess
  insize=1166 outsize=1056 ok=1
Cmd: preprocess
  insize=32239 outsize=1540 ok=1
Cmd: preprocess
  insize=1477 outsize=374 ok=1
Cmd: preprocess
  insize=2475 outsize=698 ok=1
Cmd: preprocess
  insize=1102 outsize=321 ok=1
Cmd: preprocess
  insize=741 outsize=288 ok=1
Cmd: preprocess
  insize=6693 outsize=927 ok=1
Cmd: preprocess
  insize=2320 outsize=1026 ok=1
Cmd: preprocess
  insize=2724 outsize=1368 ok=1
Cmd: preprocess
  insize=33772 outsize=322 ok=1
Cmd: preprocess
  insize=1347 outsize=313 ok=1
Cmd: preprocess
  insize=4640 outsize=523 ok=1
Cmd: preprocess
  insize=7323 outsize=838 ok=1
Cmd: preprocess
  insize=1133 outsize=320 ok=1
Cmd: preprocess
  insize=6132 outsize=1589 ok=1
Cmd: preprocess
  insize=983 outsize=299 ok=1
Cmd: preprocess
  insize=6814 outsize=496 ok=1
Cmd: preprocess
  insize=13992 outsize=1812 ok=1
Cmd: preprocess
  insize=1167 outsize=405 ok=1
Cmd: preprocess
  insize=12152 outsize=2515 ok=1
Cmd: preprocess
  insize=6523 outsize=698 ok=1
Cmd: preprocess
  insize=1933 outsize=300 ok=1
Cmd: preprocess
  insize=3053 outsize=729 ok=1
Cmd: preprocess
  insize=11666 outsize=680 ok=1
Cmd: preprocess
  insize=4252 outsize=3548 ok=1
Cmd: preprocess
  insize=2501 outsize=489 ok=1
Cmd: preprocess
  insize=12254 outsize=2574 ok=1
Cmd: preprocess
  insize=4286 outsize=558 ok=1
Cmd: preprocess
  insize=14428 outsize=2139 ok=1
Cmd: preprocess
  insize=1961 outsize=649 ok=1
Cmd: preprocess
  insize=7128 outsize=2362 ok=1
Cmd: preprocess
  insize=2097 outsize=345 ok=1
Cmd: preprocess
  insize=5627 outsize=2670 ok=1
Cmd: preprocess
  insize=27157 outsize=3682 ok=1
Cmd: preprocess
  insize=8095 outsize=2629 ok=1
Cmd: preprocess
  insize=4243 outsize=550 ok=1
Cmd: preprocess
  insize=1715 outsize=368 ok=1
Cmd: preprocess
  insize=2310 outsize=351 ok=1
Cmd: preprocess
  insize=1314 outsize=407 ok=1
Cmd: preprocess
  insize=1334 outsize=482 ok=1
Cmd: preprocess
  insize=776 outsize=234 ok=1
Cmd: preprocess
  insize=6186 outsize=818 ok=1
Cmd: preprocess
  insize=6373 outsize=701 ok=1
Cmd: preprocess
  insize=620 outsize=331 ok=1
Cmd: preprocess
  insize=7364 outsize=842 ok=1
Cmd: preprocess
  insize=33781 outsize=322 ok=1
Cmd: preprocess
  insize=5542 outsize=1820 ok=1
Cmd: preprocess
  insize=7161 outsize=2371 ok=1
Cmd: preprocess
  insize=2357 outsize=1088 ok=1
Cmd: preprocess
  insize=7209 outsize=303 ok=1
Cmd: preprocess
  insize=5731 outsize=464 ok=1
Cmd: preprocess
  insize=3601 outsize=1607 ok=1
Cmd: preprocess
  insize=3437 outsize=244 ok=1
Cmd: preprocess
  insize=5629 outsize=857 ok=1
Cmd: preprocess
  insize=6237 outsize=1240 ok=1
Cmd: preprocess
  insize=757 outsize=285 ok=1
Cmd: preprocess
  insize=10155 outsize=3907 ok=1
Cmd: preprocess
  insize=4581 outsize=621 ok=1
Cmd: preprocess
  error: 2 plat 20 at (16): Can't find include file Bloom.cginc
  error: 2 plat 20 at (29): Can't find include file Bloom.cginc
  error: 2 plat 20 at (40): Can't find include file Bloom.cginc
  error: 2 plat 20 at (52): Can't find include file Bloom.cginc
  error: 2 plat 20 at (63): Can't find include file Bloom.cginc
  error: 2 plat 20 at (74): Can't find include file Bloom.cginc
  error: 2 plat 20 at (86): Can't find include file Bloom.cginc
  error: 2 plat 20 at (98): Can't find include file Bloom.cginc
  error: 2 plat 20 at (111): Can't find include file Bloom.cginc
  insize=3372 outsize=1744 ok=0
Cmd: preprocess
  insize=998 outsize=345 ok=1
Cmd: preprocess
  insize=3433 outsize=1527 ok=1
Cmd: preprocess
  insize=1611 outsize=343 ok=1
Cmd: preprocess
  insize=2217 outsize=1021 ok=1
Cmd: preprocess
  insize=1978 outsize=955 ok=1
Cmd: preprocess
  insize=3642 outsize=1210 ok=1
Cmd: preprocess
  insize=5467 outsize=727 ok=1
Cmd: preprocess
  insize=1220 outsize=545 ok=1
Cmd: preprocess
  insize=636 outsize=311 ok=1
Cmd: preprocess
  insize=850 outsize=363 ok=1
Cmd: preprocess
  insize=5731 outsize=845 ok=1
Cmd: compileCompute
  api=4 insize=1431 outsize=2177 ok=1
Cmd: compileCompute
  api=4 insize=3267 outsize=4809 ok=1
Cmd: compileCompute
  api=4 insize=1522 outsize=1909 ok=1
Cmd: compileCompute
  api=4 insize=2341 outsize=1365 ok=1
